<?xml version="1.0" encoding="UTF-8"?>
<testsuite name="ReviewTest" tests="5" skipped="0" failures="0" errors="0" timestamp="2016-05-11T16:54:13" hostname="epicodus-67.local" time="0.055">
  <properties/>
  <testcase name="methods_getsAllInfo_true" classname="ReviewTest" time="0.005"/>
  <testcase name="all_emptyAtFirst" classname="ReviewTest" time="0.011"/>
  <testcase name="Review_instantiatesCorrectly_true" classname="ReviewTest" time="0.005"/>
  <testcase name="find_findReviewInDatabase_true" classname="ReviewTest" time="0.015"/>
  <testcase name="save_savesIntoDatabaseAndCreatesId_true" classname="ReviewTest" time="0.018"/>
  <system-out><![CDATA[]]></system-out>
  <system-err><![CDATA[]]></system-err>
</testsuite>
