<?xml version="1.0" encoding="UTF-8"?>
<testsuite name="TaskTest" tests="10" skipped="0" failures="0" errors="0" timestamp="2016-05-09T21:26:10" hostname="epicodus-67.local" time="0.131">
  <properties/>
  <testcase name="equals_returnsTrueIfDescriptionsAretheSame" classname="TaskTest" time="0.005"/>
  <testcase name="save_returnsTrueIfDescriptionsAretheSame" classname="TaskTest" time="0.013"/>
  <testcase name="addCategory_addsCategoryToTask" classname="TaskTest" time="0.023"/>
  <testcase name="getCategories_returnsAllCategories_List" classname="TaskTest" time="0.022"/>
  <testcase name="all_emptyAtFirst" classname="TaskTest" time="0.009"/>
  <testcase name="delete_deletesAllTasksAndCategoriesAssociations" classname="TaskTest" time="0.025"/>
  <testcase name="getDescription_taskInstantiatesWithDescription_String" classname="TaskTest" time="0.005"/>
  <testcase name="save_assignsIdToObject" classname="TaskTest" time="0.012"/>
  <testcase name="Task_instantiatesCorrectly_true" classname="TaskTest" time="0.005"/>
  <testcase name="find_findsTaskInDatabase_true" classname="TaskTest" time="0.012"/>
  <system-out><![CDATA[]]></system-out>
  <system-err><![CDATA[]]></system-err>
</testsuite>
