<?xml version="1.0" encoding="UTF-8"?>
<testsuite name="UserTest" tests="11" skipped="0" failures="0" errors="0" timestamp="2016-05-11T20:42:45" hostname="epicodus-67.local" time="0.181">
  <properties/>
  <testcase name="User_instantiatesCorrectly_true" classname="UserTest" time="0.006"/>
  <testcase name="addRecipe_recipesAddedToRecipesUsersTable_true" classname="UserTest" time="0.026"/>
  <testcase name="equals_returnsTrueIUsersAretheSame" classname="UserTest" time="0.005"/>
  <testcase name="methods_getsAllInfo_true" classname="UserTest" time="0.005"/>
  <testcase name="changeName_userNameIsChanged_true" classname="UserTest" time="0.019"/>
  <testcase name="all_emptyAtFirst" classname="UserTest" time="0.01"/>
  <testcase name="addReview_reviewAddedToRecipe_true" classname="UserTest" time="0.025"/>
  <testcase name="save_savesIntoDatabase_true" classname="UserTest" time="0.015"/>
  <testcase name="save_assignsIdToObject" classname="UserTest" time="0.014"/>
  <testcase name="find_findUserInDatabase_true" classname="UserTest" time="0.015"/>
  <testcase name="delete_userDeletedFromUsersTableAndUsersReviewsTableAndRecipesUsersTable_true" classname="UserTest" time="0.039"/>
  <system-out><![CDATA[]]></system-out>
  <system-err><![CDATA[]]></system-err>
</testsuite>
