<?xml version="1.0" encoding="UTF-8"?>
<testsuite name="CategoryTest" tests="7" skipped="0" failures="0" errors="0" timestamp="2016-05-11T16:54:12" hostname="epicodus-67.local" time="0.192">
  <properties/>
  <testcase name="equals_returnsTrueIfNamesAretheSame" classname="CategoryTest" time="0.089"/>
  <testcase name="Category_instantiatesCorrectly_true" classname="CategoryTest" time="0.005"/>
  <testcase name="methods_getsAllInfo_true" classname="CategoryTest" time="0.006"/>
  <testcase name="all_emptyAtFirst" classname="CategoryTest" time="0.035"/>
  <testcase name="find_findCategoryInDatabase_true" classname="CategoryTest" time="0.019"/>
  <testcase name="save_savesIntoDatabase_true" classname="CategoryTest" time="0.017"/>
  <testcase name="save_assignsIdToObject" classname="CategoryTest" time="0.018"/>
  <system-out><![CDATA[]]></system-out>
  <system-err><![CDATA[]]></system-err>
</testsuite>
