<?xml version="1.0" encoding="UTF-8"?>
<testsuite name="RecipeTest" tests="9" skipped="0" failures="0" errors="0" timestamp="2016-05-11T19:55:19" hostname="epicodus-67.local" time="0.259">
  <properties/>
  <testcase name="find_findRecipeInDatabase_true" classname="RecipeTest" time="0.13"/>
  <testcase name="equals_returnsTrueIRecipesAretheSame" classname="RecipeTest" time="0.007"/>
  <testcase name="methods_getsAllInfo_true" classname="RecipeTest" time="0.007"/>
  <testcase name="all_emptyAtFirst" classname="RecipeTest" time="0.011"/>
  <testcase name="addUser_userAddedToRecipe_true" classname="RecipeTest" time="0.034"/>
  <testcase name="addReview_reviewAddedToRecipe_true" classname="RecipeTest" time="0.028"/>
  <testcase name="save_savesIntoDatabase_true" classname="RecipeTest" time="0.015"/>
  <testcase name="save_assignsIdToObject" classname="RecipeTest" time="0.016"/>
  <testcase name="Recipe_instantiatesCorrectly_true" classname="RecipeTest" time="0.007"/>
  <system-out><![CDATA[]]></system-out>
  <system-err><![CDATA[]]></system-err>
</testsuite>
