<?xml version="1.0" encoding="UTF-8"?>
<testsuite name="TaskTest" tests="11" skipped="0" failures="0" errors="0" timestamp="2016-05-09T22:22:07" hostname="epicodus-67.local" time="0.151">
  <properties/>
  <testcase name="equals_returnsTrueIfDescriptionsAretheSame" classname="TaskTest" time="0.005"/>
  <testcase name="save_returnsTrueIfDescriptionsAretheSame" classname="TaskTest" time="0.013"/>
  <testcase name="addCategory_addsCategoryToTask" classname="TaskTest" time="0.022"/>
  <testcase name="getCategories_returnsAllCategories_List" classname="TaskTest" time="0.023"/>
  <testcase name="all_emptyAtFirst" classname="TaskTest" time="0.007"/>
  <testcase name="delete_deletesAllTasksAndCategoriesAssociations" classname="TaskTest" time="0.025"/>
  <testcase name="getDescription_taskInstantiatesWithDescription_String" classname="TaskTest" time="0.004"/>
  <testcase name="save_assignsIdToObject" classname="TaskTest" time="0.013"/>
  <testcase name="Task_instantiatesCorrectly_true" classname="TaskTest" time="0.005"/>
  <testcase name="find_findsTaskInDatabase_true" classname="TaskTest" time="0.013"/>
  <testcase name="update_updatesTaskDescription_true" classname="TaskTest" time="0.019"/>
  <system-out><![CDATA[]]></system-out>
  <system-err><![CDATA[]]></system-err>
</testsuite>
