<?xml version="1.0" encoding="UTF-8"?>
<testsuite name="RecipeTest" tests="2" skipped="0" failures="0" errors="0" timestamp="2016-05-11T16:16:40" hostname="epicodus-67.local" time="0.012">
  <properties/>
  <testcase name="methods_getsAllInfo_true" classname="RecipeTest" time="0.007"/>
  <testcase name="Recipe_instantiatesCorrectly_true" classname="RecipeTest" time="0.005"/>
  <system-out><![CDATA[]]></system-out>
  <system-err><![CDATA[]]></system-err>
</testsuite>
