<?xml version="1.0" encoding="UTF-8"?>
<testsuite name="UserTest" tests="7" skipped="0" failures="0" errors="0" timestamp="2016-05-11T16:54:13" hostname="epicodus-67.local" time="0.072">
  <properties/>
  <testcase name="User_instantiatesCorrectly_true" classname="UserTest" time="0.005"/>
  <testcase name="equals_returnsTrueIUsersAretheSame" classname="UserTest" time="0.005"/>
  <testcase name="methods_getsAllInfo_true" classname="UserTest" time="0.005"/>
  <testcase name="all_emptyAtFirst" classname="UserTest" time="0.01"/>
  <testcase name="save_savesIntoDatabase_true" classname="UserTest" time="0.015"/>
  <testcase name="save_assignsIdToObject" classname="UserTest" time="0.014"/>
  <testcase name="find_findUserInDatabase_true" classname="UserTest" time="0.016"/>
  <system-out><![CDATA[]]></system-out>
  <system-err><![CDATA[]]></system-err>
</testsuite>
