<?xml version="1.0" encoding="UTF-8"?>
<testsuite name="CategoryTest" tests="2" skipped="0" failures="0" errors="0" timestamp="2016-05-11T16:16:40" hostname="epicodus-67.local" time="0.099">
  <properties/>
  <testcase name="Category_instantiatesCorrectly_true" classname="CategoryTest" time="0.093"/>
  <testcase name="methods_getsAllInfo_true" classname="CategoryTest" time="0.006"/>
  <system-out><![CDATA[]]></system-out>
  <system-err><![CDATA[]]></system-err>
</testsuite>
