<?xml version="1.0" encoding="UTF-8"?>
<testsuite name="UserTest" tests="9" skipped="0" failures="0" errors="0" timestamp="2016-05-11T19:55:19" hostname="epicodus-67.local" time="0.132">
  <properties/>
  <testcase name="User_instantiatesCorrectly_true" classname="UserTest" time="0.005"/>
  <testcase name="addRecipe_recipesAddedToRecipesUsersTable_true" classname="UserTest" time="0.025"/>
  <testcase name="equals_returnsTrueIUsersAretheSame" classname="UserTest" time="0.006"/>
  <testcase name="methods_getsAllInfo_true" classname="UserTest" time="0.006"/>
  <testcase name="all_emptyAtFirst" classname="UserTest" time="0.016"/>
  <testcase name="addReview_reviewAddedToRecipe_true" classname="UserTest" time="0.029"/>
  <testcase name="save_savesIntoDatabase_true" classname="UserTest" time="0.015"/>
  <testcase name="save_assignsIdToObject" classname="UserTest" time="0.014"/>
  <testcase name="find_findUserInDatabase_true" classname="UserTest" time="0.014"/>
  <system-out><![CDATA[]]></system-out>
  <system-err><![CDATA[]]></system-err>
</testsuite>
