<?xml version="1.0" encoding="UTF-8"?>
<testsuite name="ReviewTest" tests="7" skipped="0" failures="0" errors="0" timestamp="2016-05-11T19:55:19" hostname="epicodus-67.local" time="0.109">
  <properties/>
  <testcase name="addRecipe_userAddedToRecipe_true" classname="ReviewTest" time="0.027"/>
  <testcase name="addUser_userAddedToReview_true" classname="ReviewTest" time="0.026"/>
  <testcase name="methods_getsAllInfo_true" classname="ReviewTest" time="0.006"/>
  <testcase name="all_emptyAtFirst" classname="ReviewTest" time="0.009"/>
  <testcase name="Review_instantiatesCorrectly_true" classname="ReviewTest" time="0.005"/>
  <testcase name="find_findReviewInDatabase_true" classname="ReviewTest" time="0.014"/>
  <testcase name="save_savesIntoDatabaseAndCreatesId_true" classname="ReviewTest" time="0.019"/>
  <system-out><![CDATA[]]></system-out>
  <system-err><![CDATA[]]></system-err>
</testsuite>
